# JRE version: Java(TM) SE Runtime Environment (9.0+11) (build 9.0.4+11)
# Java VM: Java HotSpot(TM) 64-Bit Server VM (9.0.4+11, mixed mode, tiered, compressed oops, g1 gc, windows-amd64)
Heap:
 garbage-first heap   total 462848K, used 187887K [0x0000000081800000, 0x0000000081900e20, 0x0000000100000000)
  region size 1024K, 13 young (13312K), 13 survivors (13312K)
 Metaspace       used 13352K, capacity 14266K, committed 14464K, reserved 1062912K
  class space    used 1476K, capacity 1661K, committed 1664K, reserved 1048576K
GC Heap History (10 events):
Event: 114.299 GC heap after
{Heap after GC invocations=82 (full 0):
 garbage-first heap   total 395264K, used 174602K [0x0000000081800000, 0x0000000081900c10, 0x0000000100000000)
  region size 1024K, 14 young (14336K), 14 survivors (14336K)
 Metaspace       used 13352K, capacity 14266K, committed 14464K, reserved 1062912K
  class space    used 1476K, capacity 1661K, committed 1664K, reserved 1048576K
}
Event: 115.230 GC heap before
{Heap before GC invocations=82 (full 0):
 garbage-first heap   total 395264K, used 340490K [0x0000000081800000, 0x0000000081900c10, 0x0000000100000000)
  region size 1024K, 176 young (180224K), 14 survivors (14336K)
 Metaspace       used 13352K, capacity 14266K, committed 14464K, reserved 1062912K
  class space    used 1476K, capacity 1661K, committed 1664K, reserved 1048576K
}
Event: 115.262 GC heap after
{Heap after GC invocations=83 (full 0):
 garbage-first heap   total 395264K, used 177412K [0x0000000081800000, 0x0000000081900c10, 0x0000000100000000)
  region size 1024K, 14 young (14336K), 14 survivors (14336K)
 Metaspace       used 13352K, capacity 14266K, committed 14464K, reserved 1062912K
  class space    used 1476K, capacity 1661K, committed 1664K, reserved 1048576K
}
Event: 116.250 GC heap before
{Heap before GC invocations=83 (full 0):
 garbage-first heap   total 395264K, used 340228K [0x0000000081800000, 0x0000000081900c10, 0x0000000100000000)
  region size 1024K, 173 young (177152K), 14 survivors (14336K)
 Metaspace       used 13352K, capacity 14266K, committed 14464K, reserved 1062912K
  class space    used 1476K, capacity 1661K, committed 1664K, reserved 1048576K
}
Event: 116.282 GC heap after
{Heap after GC invocations=84 (full 0):
 garbage-first heap   total 395264K, used 180663K [0x0000000081800000, 0x0000000081900c10, 0x0000000100000000)
  region size 1024K, 14 young (14336K), 14 survivors (14336K)
 Metaspace       used 13352K, capacity 14266K, committed 14464K, reserved 1062912K
  class space    used 1476K, capacity 1661K, committed 1664K, reserved 1048576K
}
Event: 117.333 GC heap before
{Heap before GC invocations=84 (full 0):
 garbage-first heap   total 395264K, used 340407K [0x0000000081800000, 0x0000000081900c10, 0x0000000100000000)
  region size 1024K, 170 young (174080K), 14 survivors (14336K)
 Metaspace       used 13352K, capacity 14266K, committed 14464K, reserved 1062912K
  class space    used 1476K, capacity 1661K, committed 1664K, reserved 1048576K
}
Event: 117.362 GC heap after
{Heap after GC invocations=85 (full 0):
 garbage-first heap   total 395264K, used 182915K [0x0000000081800000, 0x0000000081900c10, 0x0000000100000000)
  region size 1024K, 14 young (14336K), 14 survivors (14336K)
 Metaspace       used 13352K, capacity 14266K, committed 14464K, reserved 1062912K
  class space    used 1476K, capacity 1661K, committed 1664K, reserved 1048576K
}
Event: 118.473 GC heap before
{Heap before GC invocations=85 (full 0):
 garbage-first heap   total 395264K, used 339587K [0x0000000081800000, 0x0000000081900c10, 0x0000000100000000)
  region size 1024K, 167 young (171008K), 14 survivors (14336K)
 Metaspace       used 13352K, capacity 14266K, committed 14464K, reserved 1062912K
  class space    used 1476K, capacity 1661K, committed 1664K, reserved 1048576K
}
Event: 118.503 GC heap after
{Heap after GC invocations=86 (full 0):
 garbage-first heap   total 395264K, used 185194K [0x0000000081800000, 0x0000000081900c10, 0x0000000100000000)
  region size 1024K, 13 young (13312K), 13 survivors (13312K)
 Metaspace       used 13352K, capacity 14266K, committed 14464K, reserved 1062912K
  class space    used 1476K, capacity 1661K, committed 1664K, reserved 1048576K
}
Event: 119.643 GC heap before
{Heap before GC invocations=86 (full 0):
 garbage-first heap   total 395264K, used 341866K [0x0000000081800000, 0x0000000081900c10, 0x0000000100000000)
  region size 1024K, 166 young (169984K), 13 survivors (13312K)
 Metaspace       used 13352K, capacity 14266K, committed 14464K, reserved 1062912K
  class space    used 1476K, capacity 1661K, committed 1664K, reserved 1048576K
}

